<?xml version="1.0" encoding="UTF-8"?>
<testsuite name="NFAToDFATest" tests="4" skipped="0" failures="0" errors="0" timestamp="2022-09-25T12:27:06" hostname="LAPTOP-DEQPAQAT" time="0.15">
  <properties/>
  <testcase name="tinyNFA()" classname="NFAToDFATest" time="0.057"/>
  <testcase name="sample()" classname="NFAToDFATest" time="0.003"/>
  <testcase name="abbba()" classname="NFAToDFATest" time="0.007"/>
  <testcase name="2,3-ab()" classname="NFAToDFATest" time="0.08"/>
  <system-out><![CDATA[]]></system-out>
  <system-err><![CDATA[]]></system-err>
</testsuite>
